2026-01-13T12:45:03+00:00 ERROR FeaturesController: Invalid plugin file '/Users/kevintum/Local Sites/gloceps/app/public/wp-content/themes/gloceps-theme/inc/woocommerce-functions.php' for feature 'cart_checkout_blocks'.
2026-01-13T12:45:22+00:00 ERROR FeaturesController: Invalid plugin file '/Users/kevintum/Local Sites/gloceps/app/public/wp-content/themes/gloceps-theme/inc/woocommerce-functions.php' for feature 'cart_checkout_blocks'.
2026-01-13T12:47:45+00:00 ERROR FeaturesController: Invalid plugin file '/Users/kevintum/Local Sites/gloceps/app/public/wp-content/themes/gloceps-theme/inc/woocommerce-functions.php' for feature 'cart_checkout_blocks'.
2026-01-13T12:47:55+00:00 ERROR FeaturesController: Invalid plugin file '/Users/kevintum/Local Sites/gloceps/app/public/wp-content/themes/gloceps-theme/inc/woocommerce-functions.php' for feature 'cart_checkout_blocks'.
2026-01-13T12:48:17+00:00 ERROR FeaturesController: Invalid plugin file '/Users/kevintum/Local Sites/gloceps/app/public/wp-content/themes/gloceps-theme/inc/woocommerce-functions.php' for feature 'cart_checkout_blocks'.
2026-01-13T12:48:51+00:00 ERROR FeaturesController: Invalid plugin file '/Users/kevintum/Local Sites/gloceps/app/public/wp-content/themes/gloceps-theme/inc/woocommerce-functions.php' for feature 'cart_checkout_blocks'.
2026-01-13T12:49:20+00:00 ERROR FeaturesController: Invalid plugin file '/Users/kevintum/Local Sites/gloceps/app/public/wp-content/themes/gloceps-theme/inc/woocommerce-functions.php' for feature 'cart_checkout_blocks'.
2026-01-13T12:54:55+00:00 ERROR FeaturesController: Invalid plugin file '/Users/kevintum/Local Sites/gloceps/app/public/wp-content/themes/gloceps-theme/inc/woocommerce-functions.php' for feature 'cart_checkout_blocks'.
2026-01-13T13:00:43+00:00 ERROR FeaturesController: Invalid plugin file '/Users/kevintum/Local Sites/gloceps/app/public/wp-content/themes/gloceps-theme/inc/woocommerce-functions.php' for feature 'cart_checkout_blocks'.
2026-01-13T13:00:52+00:00 ERROR FeaturesController: Invalid plugin file '/Users/kevintum/Local Sites/gloceps/app/public/wp-content/themes/gloceps-theme/inc/woocommerce-functions.php' for feature 'cart_checkout_blocks'.
2026-01-13T13:01:47+00:00 ERROR FeaturesController: Invalid plugin file '/Users/kevintum/Local Sites/gloceps/app/public/wp-content/themes/gloceps-theme/inc/woocommerce-functions.php' for feature 'cart_checkout_blocks'.
2026-01-13T13:02:18+00:00 ERROR FeaturesController: Invalid plugin file '/Users/kevintum/Local Sites/gloceps/app/public/wp-content/themes/gloceps-theme/inc/woocommerce-functions.php' for feature 'cart_checkout_blocks'.
2026-01-13T13:02:46+00:00 ERROR FeaturesController: Invalid plugin file '/Users/kevintum/Local Sites/gloceps/app/public/wp-content/themes/gloceps-theme/inc/woocommerce-functions.php' for feature 'cart_checkout_blocks'.
2026-01-13T13:09:18+00:00 ERROR FeaturesController: Invalid plugin file '/Users/kevintum/Local Sites/gloceps/app/public/wp-content/themes/gloceps-theme/inc/woocommerce-functions.php' for feature 'cart_checkout_blocks'.
2026-01-13T13:14:14+00:00 ERROR FeaturesController: Invalid plugin file '/Users/kevintum/Local Sites/gloceps/app/public/wp-content/themes/gloceps-theme/inc/woocommerce-functions.php' for feature 'cart_checkout_blocks'.
2026-01-13T13:21:46+00:00 ERROR FeaturesController: Invalid plugin file '/Users/kevintum/Local Sites/gloceps/app/public/wp-content/themes/gloceps-theme/inc/woocommerce-functions.php' for feature 'cart_checkout_blocks'.
2026-01-13T13:23:13+00:00 ERROR FeaturesController: Invalid plugin file '/Users/kevintum/Local Sites/gloceps/app/public/wp-content/themes/gloceps-theme/inc/woocommerce-functions.php' for feature 'cart_checkout_blocks'.
2026-01-13T13:26:33+00:00 ERROR FeaturesController: Invalid plugin file '/Users/kevintum/Local Sites/gloceps/app/public/wp-content/themes/gloceps-theme/inc/woocommerce-functions.php' for feature 'cart_checkout_blocks'.
2026-01-13T13:38:09+00:00 ERROR FeaturesController: Invalid plugin file '/Users/kevintum/Local Sites/gloceps/app/public/wp-content/themes/gloceps-theme/inc/woocommerce-functions.php' for feature 'cart_checkout_blocks'.
2026-01-13T15:22:08+00:00 ERROR FeaturesController: Invalid plugin file '/Users/kevintum/Local Sites/gloceps/app/public/wp-content/themes/gloceps-theme/inc/woocommerce-functions.php' for feature 'cart_checkout_blocks'.
2026-01-13T15:22:17+00:00 ERROR FeaturesController: Invalid plugin file '/Users/kevintum/Local Sites/gloceps/app/public/wp-content/themes/gloceps-theme/inc/woocommerce-functions.php' for feature 'cart_checkout_blocks'.
2026-01-13T15:23:19+00:00 ERROR FeaturesController: Invalid plugin file '/Users/kevintum/Local Sites/gloceps/app/public/wp-content/themes/gloceps-theme/inc/woocommerce-functions.php' for feature 'cart_checkout_blocks'.
2026-01-13T15:23:23+00:00 ERROR FeaturesController: Invalid plugin file '/Users/kevintum/Local Sites/gloceps/app/public/wp-content/themes/gloceps-theme/inc/woocommerce-functions.php' for feature 'cart_checkout_blocks'.
2026-01-13T15:23:58+00:00 ERROR FeaturesController: Invalid plugin file '/Users/kevintum/Local Sites/gloceps/app/public/wp-content/themes/gloceps-theme/functions.php' for feature 'cart_checkout_blocks'.
2026-01-13T15:23:58+00:00 ERROR FeaturesController: Invalid plugin file '/Users/kevintum/Local Sites/gloceps/app/public/wp-content/themes/gloceps-theme/functions.php' for feature 'custom_order_tables'.
2026-01-13T15:23:58+00:00 ERROR FeaturesController: Invalid plugin file '/Users/kevintum/Local Sites/gloceps/app/public/wp-content/themes/gloceps-theme/functions.php' for feature 'product_block_editor'.
2026-01-13T15:24:35+00:00 ERROR FeaturesController: Invalid plugin file '/Users/kevintum/Local Sites/gloceps/app/public/wp-content/themes/gloceps-theme/functions.php' for feature 'cart_checkout_blocks'.
2026-01-13T15:24:35+00:00 ERROR FeaturesController: Invalid plugin file '/Users/kevintum/Local Sites/gloceps/app/public/wp-content/themes/gloceps-theme/functions.php' for feature 'custom_order_tables'.
2026-01-13T15:24:35+00:00 ERROR FeaturesController: Invalid plugin file '/Users/kevintum/Local Sites/gloceps/app/public/wp-content/themes/gloceps-theme/functions.php' for feature 'product_block_editor'.
2026-01-13T15:26:39+00:00 ERROR FeaturesController: Invalid plugin file '/Users/kevintum/Local Sites/gloceps/app/public/wp-content/themes/gloceps-theme/functions.php' for feature 'cart_checkout_blocks'.
2026-01-13T15:26:39+00:00 ERROR FeaturesController: Invalid plugin file '/Users/kevintum/Local Sites/gloceps/app/public/wp-content/themes/gloceps-theme/functions.php' for feature 'custom_order_tables'.
2026-01-13T15:26:39+00:00 ERROR FeaturesController: Invalid plugin file '/Users/kevintum/Local Sites/gloceps/app/public/wp-content/themes/gloceps-theme/functions.php' for feature 'product_block_editor'.
2026-01-13T15:29:36+00:00 ERROR FeaturesController: Invalid plugin file '/Users/kevintum/Local Sites/gloceps/app/public/wp-content/themes/gloceps-theme/functions.php' for feature 'cart_checkout_blocks'.
2026-01-13T15:29:36+00:00 ERROR FeaturesController: Invalid plugin file '/Users/kevintum/Local Sites/gloceps/app/public/wp-content/themes/gloceps-theme/functions.php' for feature 'custom_order_tables'.
2026-01-13T15:29:36+00:00 ERROR FeaturesController: Invalid plugin file '/Users/kevintum/Local Sites/gloceps/app/public/wp-content/themes/gloceps-theme/functions.php' for feature 'product_block_editor'.
2026-01-13T15:39:27+00:00 ERROR FeaturesController: Invalid plugin file '/Users/kevintum/Local Sites/gloceps/app/public/wp-content/themes/gloceps-theme/functions.php' for feature 'cart_checkout_blocks'.
2026-01-13T15:39:27+00:00 ERROR FeaturesController: Invalid plugin file '/Users/kevintum/Local Sites/gloceps/app/public/wp-content/themes/gloceps-theme/functions.php' for feature 'custom_order_tables'.
2026-01-13T15:39:27+00:00 ERROR FeaturesController: Invalid plugin file '/Users/kevintum/Local Sites/gloceps/app/public/wp-content/themes/gloceps-theme/functions.php' for feature 'product_block_editor'.
2026-01-13T15:39:29+00:00 ERROR FeaturesController: Invalid plugin file '/Users/kevintum/Local Sites/gloceps/app/public/wp-content/themes/gloceps-theme/functions.php' for feature 'cart_checkout_blocks'.
2026-01-13T15:39:29+00:00 ERROR FeaturesController: Invalid plugin file '/Users/kevintum/Local Sites/gloceps/app/public/wp-content/themes/gloceps-theme/functions.php' for feature 'custom_order_tables'.
2026-01-13T15:39:29+00:00 ERROR FeaturesController: Invalid plugin file '/Users/kevintum/Local Sites/gloceps/app/public/wp-content/themes/gloceps-theme/functions.php' for feature 'product_block_editor'.
2026-01-13T15:39:48+00:00 ERROR FeaturesController: Invalid plugin file '/Users/kevintum/Local Sites/gloceps/app/public/wp-content/themes/gloceps-theme/functions.php' for feature 'cart_checkout_blocks'.
2026-01-13T15:39:48+00:00 ERROR FeaturesController: Invalid plugin file '/Users/kevintum/Local Sites/gloceps/app/public/wp-content/themes/gloceps-theme/functions.php' for feature 'custom_order_tables'.
2026-01-13T15:39:48+00:00 ERROR FeaturesController: Invalid plugin file '/Users/kevintum/Local Sites/gloceps/app/public/wp-content/themes/gloceps-theme/functions.php' for feature 'product_block_editor'.
2026-01-13T15:39:50+00:00 ERROR FeaturesController: Invalid plugin file '/Users/kevintum/Local Sites/gloceps/app/public/wp-content/themes/gloceps-theme/functions.php' for feature 'cart_checkout_blocks'.
2026-01-13T15:39:50+00:00 ERROR FeaturesController: Invalid plugin file '/Users/kevintum/Local Sites/gloceps/app/public/wp-content/themes/gloceps-theme/functions.php' for feature 'custom_order_tables'.
2026-01-13T15:39:50+00:00 ERROR FeaturesController: Invalid plugin file '/Users/kevintum/Local Sites/gloceps/app/public/wp-content/themes/gloceps-theme/functions.php' for feature 'product_block_editor'.
2026-01-13T15:44:27+00:00 ERROR FeaturesController: Invalid plugin file '/Users/kevintum/Local Sites/gloceps/app/public/wp-content/themes/gloceps-theme/functions.php' for feature 'cart_checkout_blocks'.
2026-01-13T15:44:27+00:00 ERROR FeaturesController: Invalid plugin file '/Users/kevintum/Local Sites/gloceps/app/public/wp-content/themes/gloceps-theme/functions.php' for feature 'custom_order_tables'.
2026-01-13T15:44:27+00:00 ERROR FeaturesController: Invalid plugin file '/Users/kevintum/Local Sites/gloceps/app/public/wp-content/themes/gloceps-theme/functions.php' for feature 'product_block_editor'.
2026-01-13T15:46:41+00:00 ERROR FeaturesController: Invalid plugin file '/Users/kevintum/Local Sites/gloceps/app/public/wp-content/themes/gloceps-theme/functions.php' for feature 'cart_checkout_blocks'.
2026-01-13T15:46:41+00:00 ERROR FeaturesController: Invalid plugin file '/Users/kevintum/Local Sites/gloceps/app/public/wp-content/themes/gloceps-theme/functions.php' for feature 'custom_order_tables'.
2026-01-13T15:46:41+00:00 ERROR FeaturesController: Invalid plugin file '/Users/kevintum/Local Sites/gloceps/app/public/wp-content/themes/gloceps-theme/functions.php' for feature 'product_block_editor'.
2026-01-13T15:48:03+00:00 ERROR FeaturesController: Invalid plugin file '/Users/kevintum/Local Sites/gloceps/app/public/wp-content/themes/gloceps-theme/functions.php' for feature 'cart_checkout_blocks'.
2026-01-13T15:48:03+00:00 ERROR FeaturesController: Invalid plugin file '/Users/kevintum/Local Sites/gloceps/app/public/wp-content/themes/gloceps-theme/functions.php' for feature 'custom_order_tables'.
2026-01-13T15:48:03+00:00 ERROR FeaturesController: Invalid plugin file '/Users/kevintum/Local Sites/gloceps/app/public/wp-content/themes/gloceps-theme/functions.php' for feature 'product_block_editor'.
2026-01-13T15:48:10+00:00 ERROR FeaturesController: Invalid plugin file '/Users/kevintum/Local Sites/gloceps/app/public/wp-content/themes/gloceps-theme/functions.php' for feature 'cart_checkout_blocks'.
2026-01-13T15:48:10+00:00 ERROR FeaturesController: Invalid plugin file '/Users/kevintum/Local Sites/gloceps/app/public/wp-content/themes/gloceps-theme/functions.php' for feature 'custom_order_tables'.
2026-01-13T15:48:10+00:00 ERROR FeaturesController: Invalid plugin file '/Users/kevintum/Local Sites/gloceps/app/public/wp-content/themes/gloceps-theme/functions.php' for feature 'product_block_editor'.
2026-01-13T15:48:13+00:00 ERROR FeaturesController: Invalid plugin file '/Users/kevintum/Local Sites/gloceps/app/public/wp-content/themes/gloceps-theme/functions.php' for feature 'cart_checkout_blocks'.
2026-01-13T15:48:13+00:00 ERROR FeaturesController: Invalid plugin file '/Users/kevintum/Local Sites/gloceps/app/public/wp-content/themes/gloceps-theme/functions.php' for feature 'custom_order_tables'.
2026-01-13T15:48:13+00:00 ERROR FeaturesController: Invalid plugin file '/Users/kevintum/Local Sites/gloceps/app/public/wp-content/themes/gloceps-theme/functions.php' for feature 'product_block_editor'.
2026-01-13T15:52:05+00:00 ERROR FeaturesController: Invalid plugin file '/Users/kevintum/Local Sites/gloceps/app/public/wp-content/themes/gloceps-theme/functions.php' for feature 'cart_checkout_blocks'.
2026-01-13T15:52:05+00:00 ERROR FeaturesController: Invalid plugin file '/Users/kevintum/Local Sites/gloceps/app/public/wp-content/themes/gloceps-theme/functions.php' for feature 'custom_order_tables'.
2026-01-13T15:52:05+00:00 ERROR FeaturesController: Invalid plugin file '/Users/kevintum/Local Sites/gloceps/app/public/wp-content/themes/gloceps-theme/functions.php' for feature 'product_block_editor'.
2026-01-13T15:52:08+00:00 ERROR FeaturesController: Invalid plugin file '/Users/kevintum/Local Sites/gloceps/app/public/wp-content/themes/gloceps-theme/functions.php' for feature 'cart_checkout_blocks'.
2026-01-13T15:52:08+00:00 ERROR FeaturesController: Invalid plugin file '/Users/kevintum/Local Sites/gloceps/app/public/wp-content/themes/gloceps-theme/functions.php' for feature 'custom_order_tables'.
2026-01-13T15:52:08+00:00 ERROR FeaturesController: Invalid plugin file '/Users/kevintum/Local Sites/gloceps/app/public/wp-content/themes/gloceps-theme/functions.php' for feature 'product_block_editor'.
2026-01-13T15:52:10+00:00 ERROR FeaturesController: Invalid plugin file '/Users/kevintum/Local Sites/gloceps/app/public/wp-content/themes/gloceps-theme/functions.php' for feature 'cart_checkout_blocks'.
2026-01-13T15:52:10+00:00 ERROR FeaturesController: Invalid plugin file '/Users/kevintum/Local Sites/gloceps/app/public/wp-content/themes/gloceps-theme/functions.php' for feature 'custom_order_tables'.
2026-01-13T15:52:10+00:00 ERROR FeaturesController: Invalid plugin file '/Users/kevintum/Local Sites/gloceps/app/public/wp-content/themes/gloceps-theme/functions.php' for feature 'product_block_editor'.
2026-01-13T15:52:31+00:00 ERROR FeaturesController: Invalid plugin file '/Users/kevintum/Local Sites/gloceps/app/public/wp-content/themes/gloceps-theme/functions.php' for feature 'cart_checkout_blocks'.
2026-01-13T15:52:31+00:00 ERROR FeaturesController: Invalid plugin file '/Users/kevintum/Local Sites/gloceps/app/public/wp-content/themes/gloceps-theme/functions.php' for feature 'custom_order_tables'.
2026-01-13T15:52:31+00:00 ERROR FeaturesController: Invalid plugin file '/Users/kevintum/Local Sites/gloceps/app/public/wp-content/themes/gloceps-theme/functions.php' for feature 'product_block_editor'.
2026-01-13T15:53:02+00:00 ERROR FeaturesController: Invalid plugin file '/Users/kevintum/Local Sites/gloceps/app/public/wp-content/themes/gloceps-theme/functions.php' for feature 'cart_checkout_blocks'.
2026-01-13T15:53:02+00:00 ERROR FeaturesController: Invalid plugin file '/Users/kevintum/Local Sites/gloceps/app/public/wp-content/themes/gloceps-theme/functions.php' for feature 'custom_order_tables'.
2026-01-13T15:53:02+00:00 ERROR FeaturesController: Invalid plugin file '/Users/kevintum/Local Sites/gloceps/app/public/wp-content/themes/gloceps-theme/functions.php' for feature 'product_block_editor'.
2026-01-13T15:53:28+00:00 ERROR FeaturesController: Invalid plugin file '/Users/kevintum/Local Sites/gloceps/app/public/wp-content/themes/gloceps-theme/functions.php' for feature 'cart_checkout_blocks'.
2026-01-13T15:53:28+00:00 ERROR FeaturesController: Invalid plugin file '/Users/kevintum/Local Sites/gloceps/app/public/wp-content/themes/gloceps-theme/functions.php' for feature 'custom_order_tables'.
2026-01-13T15:53:28+00:00 ERROR FeaturesController: Invalid plugin file '/Users/kevintum/Local Sites/gloceps/app/public/wp-content/themes/gloceps-theme/functions.php' for feature 'product_block_editor'.
2026-01-13T15:53:29+00:00 ERROR FeaturesController: Invalid plugin file '/Users/kevintum/Local Sites/gloceps/app/public/wp-content/themes/gloceps-theme/functions.php' for feature 'cart_checkout_blocks'.
2026-01-13T15:53:29+00:00 ERROR FeaturesController: Invalid plugin file '/Users/kevintum/Local Sites/gloceps/app/public/wp-content/themes/gloceps-theme/functions.php' for feature 'custom_order_tables'.
2026-01-13T15:53:29+00:00 ERROR FeaturesController: Invalid plugin file '/Users/kevintum/Local Sites/gloceps/app/public/wp-content/themes/gloceps-theme/functions.php' for feature 'product_block_editor'.
2026-01-13T15:53:37+00:00 ERROR FeaturesController: Invalid plugin file '/Users/kevintum/Local Sites/gloceps/app/public/wp-content/themes/gloceps-theme/functions.php' for feature 'cart_checkout_blocks'.
2026-01-13T15:53:37+00:00 ERROR FeaturesController: Invalid plugin file '/Users/kevintum/Local Sites/gloceps/app/public/wp-content/themes/gloceps-theme/functions.php' for feature 'custom_order_tables'.
2026-01-13T15:53:37+00:00 ERROR FeaturesController: Invalid plugin file '/Users/kevintum/Local Sites/gloceps/app/public/wp-content/themes/gloceps-theme/functions.php' for feature 'product_block_editor'.
2026-01-13T15:53:40+00:00 ERROR FeaturesController: Invalid plugin file '/Users/kevintum/Local Sites/gloceps/app/public/wp-content/themes/gloceps-theme/functions.php' for feature 'cart_checkout_blocks'.
2026-01-13T15:53:40+00:00 ERROR FeaturesController: Invalid plugin file '/Users/kevintum/Local Sites/gloceps/app/public/wp-content/themes/gloceps-theme/functions.php' for feature 'custom_order_tables'.
2026-01-13T15:53:40+00:00 ERROR FeaturesController: Invalid plugin file '/Users/kevintum/Local Sites/gloceps/app/public/wp-content/themes/gloceps-theme/functions.php' for feature 'product_block_editor'.
2026-01-13T15:54:22+00:00 ERROR FeaturesController: Invalid plugin file '/Users/kevintum/Local Sites/gloceps/app/public/wp-content/themes/gloceps-theme/functions.php' for feature 'cart_checkout_blocks'.
2026-01-13T15:54:22+00:00 ERROR FeaturesController: Invalid plugin file '/Users/kevintum/Local Sites/gloceps/app/public/wp-content/themes/gloceps-theme/functions.php' for feature 'custom_order_tables'.
2026-01-13T15:54:22+00:00 ERROR FeaturesController: Invalid plugin file '/Users/kevintum/Local Sites/gloceps/app/public/wp-content/themes/gloceps-theme/functions.php' for feature 'product_block_editor'.
2026-01-13T15:54:44+00:00 ERROR FeaturesController: Invalid plugin file '/Users/kevintum/Local Sites/gloceps/app/public/wp-content/themes/gloceps-theme/functions.php' for feature 'cart_checkout_blocks'.
2026-01-13T15:54:44+00:00 ERROR FeaturesController: Invalid plugin file '/Users/kevintum/Local Sites/gloceps/app/public/wp-content/themes/gloceps-theme/functions.php' for feature 'custom_order_tables'.
2026-01-13T15:54:44+00:00 ERROR FeaturesController: Invalid plugin file '/Users/kevintum/Local Sites/gloceps/app/public/wp-content/themes/gloceps-theme/functions.php' for feature 'product_block_editor'.
2026-01-13T15:54:51+00:00 ERROR FeaturesController: Invalid plugin file '/Users/kevintum/Local Sites/gloceps/app/public/wp-content/themes/gloceps-theme/functions.php' for feature 'cart_checkout_blocks'.
2026-01-13T15:54:51+00:00 ERROR FeaturesController: Invalid plugin file '/Users/kevintum/Local Sites/gloceps/app/public/wp-content/themes/gloceps-theme/functions.php' for feature 'custom_order_tables'.
2026-01-13T15:54:51+00:00 ERROR FeaturesController: Invalid plugin file '/Users/kevintum/Local Sites/gloceps/app/public/wp-content/themes/gloceps-theme/functions.php' for feature 'product_block_editor'.
2026-01-13T15:54:54+00:00 ERROR FeaturesController: Invalid plugin file '/Users/kevintum/Local Sites/gloceps/app/public/wp-content/themes/gloceps-theme/functions.php' for feature 'cart_checkout_blocks'.
2026-01-13T15:54:54+00:00 ERROR FeaturesController: Invalid plugin file '/Users/kevintum/Local Sites/gloceps/app/public/wp-content/themes/gloceps-theme/functions.php' for feature 'custom_order_tables'.
2026-01-13T15:54:54+00:00 ERROR FeaturesController: Invalid plugin file '/Users/kevintum/Local Sites/gloceps/app/public/wp-content/themes/gloceps-theme/functions.php' for feature 'product_block_editor'.
2026-01-13T15:54:57+00:00 ERROR FeaturesController: Invalid plugin file '/Users/kevintum/Local Sites/gloceps/app/public/wp-content/themes/gloceps-theme/functions.php' for feature 'cart_checkout_blocks'.
2026-01-13T15:54:57+00:00 ERROR FeaturesController: Invalid plugin file '/Users/kevintum/Local Sites/gloceps/app/public/wp-content/themes/gloceps-theme/functions.php' for feature 'custom_order_tables'.
2026-01-13T15:54:57+00:00 ERROR FeaturesController: Invalid plugin file '/Users/kevintum/Local Sites/gloceps/app/public/wp-content/themes/gloceps-theme/functions.php' for feature 'product_block_editor'.
2026-01-13T15:55:37+00:00 ERROR FeaturesController: Invalid plugin file '/Users/kevintum/Local Sites/gloceps/app/public/wp-content/themes/gloceps-theme/functions.php' for feature 'cart_checkout_blocks'.
2026-01-13T15:55:37+00:00 ERROR FeaturesController: Invalid plugin file '/Users/kevintum/Local Sites/gloceps/app/public/wp-content/themes/gloceps-theme/functions.php' for feature 'custom_order_tables'.
2026-01-13T15:55:37+00:00 ERROR FeaturesController: Invalid plugin file '/Users/kevintum/Local Sites/gloceps/app/public/wp-content/themes/gloceps-theme/functions.php' for feature 'product_block_editor'.
2026-01-13T15:55:45+00:00 ERROR FeaturesController: Invalid plugin file '/Users/kevintum/Local Sites/gloceps/app/public/wp-content/themes/gloceps-theme/functions.php' for feature 'cart_checkout_blocks'.
2026-01-13T15:55:45+00:00 ERROR FeaturesController: Invalid plugin file '/Users/kevintum/Local Sites/gloceps/app/public/wp-content/themes/gloceps-theme/functions.php' for feature 'custom_order_tables'.
2026-01-13T15:55:45+00:00 ERROR FeaturesController: Invalid plugin file '/Users/kevintum/Local Sites/gloceps/app/public/wp-content/themes/gloceps-theme/functions.php' for feature 'product_block_editor'.
2026-01-13T16:08:53+00:00 ERROR FeaturesController: Invalid plugin file '/Users/kevintum/Local Sites/gloceps/app/public/wp-content/themes/gloceps-theme/functions.php' for feature 'cart_checkout_blocks'.
2026-01-13T16:08:53+00:00 ERROR FeaturesController: Invalid plugin file '/Users/kevintum/Local Sites/gloceps/app/public/wp-content/themes/gloceps-theme/functions.php' for feature 'custom_order_tables'.
2026-01-13T16:08:53+00:00 ERROR FeaturesController: Invalid plugin file '/Users/kevintum/Local Sites/gloceps/app/public/wp-content/themes/gloceps-theme/functions.php' for feature 'product_block_editor'.
2026-01-13T16:12:40+00:00 ERROR FeaturesController: Invalid plugin file '/Users/kevintum/Local Sites/gloceps/app/public/wp-content/themes/gloceps-theme/functions.php' for feature 'cart_checkout_blocks'.
2026-01-13T16:12:40+00:00 ERROR FeaturesController: Invalid plugin file '/Users/kevintum/Local Sites/gloceps/app/public/wp-content/themes/gloceps-theme/functions.php' for feature 'custom_order_tables'.
2026-01-13T16:12:40+00:00 ERROR FeaturesController: Invalid plugin file '/Users/kevintum/Local Sites/gloceps/app/public/wp-content/themes/gloceps-theme/functions.php' for feature 'product_block_editor'.
2026-01-13T16:52:35+00:00 ERROR FeaturesController: Invalid plugin file '/Users/kevintum/Local Sites/gloceps/app/public/wp-content/themes/gloceps-theme/functions.php' for feature 'cart_checkout_blocks'.
2026-01-13T16:52:35+00:00 ERROR FeaturesController: Invalid plugin file '/Users/kevintum/Local Sites/gloceps/app/public/wp-content/themes/gloceps-theme/functions.php' for feature 'custom_order_tables'.
2026-01-13T16:52:35+00:00 ERROR FeaturesController: Invalid plugin file '/Users/kevintum/Local Sites/gloceps/app/public/wp-content/themes/gloceps-theme/functions.php' for feature 'product_block_editor'.
2026-01-13T17:08:50+00:00 ERROR FeaturesController: Invalid plugin file '/Users/kevintum/Local Sites/gloceps/app/public/wp-content/themes/gloceps-theme/functions.php' for feature 'cart_checkout_blocks'.
2026-01-13T17:08:50+00:00 ERROR FeaturesController: Invalid plugin file '/Users/kevintum/Local Sites/gloceps/app/public/wp-content/themes/gloceps-theme/functions.php' for feature 'custom_order_tables'.
2026-01-13T17:08:50+00:00 ERROR FeaturesController: Invalid plugin file '/Users/kevintum/Local Sites/gloceps/app/public/wp-content/themes/gloceps-theme/functions.php' for feature 'product_block_editor'.
2026-01-13T17:17:36+00:00 ERROR FeaturesController: Invalid plugin file '/Users/kevintum/Local Sites/gloceps/app/public/wp-content/themes/gloceps-theme/functions.php' for feature 'cart_checkout_blocks'.
2026-01-13T17:17:36+00:00 ERROR FeaturesController: Invalid plugin file '/Users/kevintum/Local Sites/gloceps/app/public/wp-content/themes/gloceps-theme/functions.php' for feature 'custom_order_tables'.
2026-01-13T17:17:36+00:00 ERROR FeaturesController: Invalid plugin file '/Users/kevintum/Local Sites/gloceps/app/public/wp-content/themes/gloceps-theme/functions.php' for feature 'product_block_editor'.
2026-01-13T17:18:04+00:00 ERROR FeaturesController: Invalid plugin file '/Users/kevintum/Local Sites/gloceps/app/public/wp-content/themes/gloceps-theme/functions.php' for feature 'cart_checkout_blocks'.
2026-01-13T17:18:04+00:00 ERROR FeaturesController: Invalid plugin file '/Users/kevintum/Local Sites/gloceps/app/public/wp-content/themes/gloceps-theme/functions.php' for feature 'custom_order_tables'.
2026-01-13T17:18:04+00:00 ERROR FeaturesController: Invalid plugin file '/Users/kevintum/Local Sites/gloceps/app/public/wp-content/themes/gloceps-theme/functions.php' for feature 'product_block_editor'.
2026-01-13T17:18:06+00:00 ERROR FeaturesController: Invalid plugin file '/Users/kevintum/Local Sites/gloceps/app/public/wp-content/themes/gloceps-theme/functions.php' for feature 'cart_checkout_blocks'.
2026-01-13T17:18:06+00:00 ERROR FeaturesController: Invalid plugin file '/Users/kevintum/Local Sites/gloceps/app/public/wp-content/themes/gloceps-theme/functions.php' for feature 'custom_order_tables'.
2026-01-13T17:18:06+00:00 ERROR FeaturesController: Invalid plugin file '/Users/kevintum/Local Sites/gloceps/app/public/wp-content/themes/gloceps-theme/functions.php' for feature 'product_block_editor'.
2026-01-13T17:20:00+00:00 ERROR FeaturesController: Invalid plugin file '/Users/kevintum/Local Sites/gloceps/app/public/wp-content/themes/gloceps-theme/functions.php' for feature 'cart_checkout_blocks'.
2026-01-13T17:20:00+00:00 ERROR FeaturesController: Invalid plugin file '/Users/kevintum/Local Sites/gloceps/app/public/wp-content/themes/gloceps-theme/functions.php' for feature 'custom_order_tables'.
2026-01-13T17:20:00+00:00 ERROR FeaturesController: Invalid plugin file '/Users/kevintum/Local Sites/gloceps/app/public/wp-content/themes/gloceps-theme/functions.php' for feature 'product_block_editor'.
2026-01-13T17:20:03+00:00 ERROR FeaturesController: Invalid plugin file '/Users/kevintum/Local Sites/gloceps/app/public/wp-content/themes/gloceps-theme/functions.php' for feature 'cart_checkout_blocks'.
2026-01-13T17:20:03+00:00 ERROR FeaturesController: Invalid plugin file '/Users/kevintum/Local Sites/gloceps/app/public/wp-content/themes/gloceps-theme/functions.php' for feature 'custom_order_tables'.
2026-01-13T17:20:03+00:00 ERROR FeaturesController: Invalid plugin file '/Users/kevintum/Local Sites/gloceps/app/public/wp-content/themes/gloceps-theme/functions.php' for feature 'product_block_editor'.
2026-01-13T17:20:24+00:00 ERROR FeaturesController: Invalid plugin file '/Users/kevintum/Local Sites/gloceps/app/public/wp-content/themes/gloceps-theme/functions.php' for feature 'cart_checkout_blocks'.
2026-01-13T17:20:24+00:00 ERROR FeaturesController: Invalid plugin file '/Users/kevintum/Local Sites/gloceps/app/public/wp-content/themes/gloceps-theme/functions.php' for feature 'custom_order_tables'.
2026-01-13T17:20:24+00:00 ERROR FeaturesController: Invalid plugin file '/Users/kevintum/Local Sites/gloceps/app/public/wp-content/themes/gloceps-theme/functions.php' for feature 'product_block_editor'.
2026-01-13T17:20:51+00:00 ERROR FeaturesController: Invalid plugin file '/Users/kevintum/Local Sites/gloceps/app/public/wp-content/themes/gloceps-theme/functions.php' for feature 'cart_checkout_blocks'.
2026-01-13T17:20:51+00:00 ERROR FeaturesController: Invalid plugin file '/Users/kevintum/Local Sites/gloceps/app/public/wp-content/themes/gloceps-theme/functions.php' for feature 'custom_order_tables'.
2026-01-13T17:20:51+00:00 ERROR FeaturesController: Invalid plugin file '/Users/kevintum/Local Sites/gloceps/app/public/wp-content/themes/gloceps-theme/functions.php' for feature 'product_block_editor'.
2026-01-13T17:21:21+00:00 ERROR FeaturesController: Invalid plugin file '/Users/kevintum/Local Sites/gloceps/app/public/wp-content/themes/gloceps-theme/functions.php' for feature 'cart_checkout_blocks'.
2026-01-13T17:21:21+00:00 ERROR FeaturesController: Invalid plugin file '/Users/kevintum/Local Sites/gloceps/app/public/wp-content/themes/gloceps-theme/functions.php' for feature 'custom_order_tables'.
2026-01-13T17:21:21+00:00 ERROR FeaturesController: Invalid plugin file '/Users/kevintum/Local Sites/gloceps/app/public/wp-content/themes/gloceps-theme/functions.php' for feature 'product_block_editor'.
2026-01-13T17:22:51+00:00 ERROR FeaturesController: Invalid plugin file '/Users/kevintum/Local Sites/gloceps/app/public/wp-content/themes/gloceps-theme/functions.php' for feature 'cart_checkout_blocks'.
2026-01-13T17:22:51+00:00 ERROR FeaturesController: Invalid plugin file '/Users/kevintum/Local Sites/gloceps/app/public/wp-content/themes/gloceps-theme/functions.php' for feature 'custom_order_tables'.
2026-01-13T17:22:51+00:00 ERROR FeaturesController: Invalid plugin file '/Users/kevintum/Local Sites/gloceps/app/public/wp-content/themes/gloceps-theme/functions.php' for feature 'product_block_editor'.
2026-01-13T17:23:47+00:00 ERROR FeaturesController: Invalid plugin file '/Users/kevintum/Local Sites/gloceps/app/public/wp-content/themes/gloceps-theme/functions.php' for feature 'cart_checkout_blocks'.
2026-01-13T17:23:47+00:00 ERROR FeaturesController: Invalid plugin file '/Users/kevintum/Local Sites/gloceps/app/public/wp-content/themes/gloceps-theme/functions.php' for feature 'custom_order_tables'.
2026-01-13T17:23:47+00:00 ERROR FeaturesController: Invalid plugin file '/Users/kevintum/Local Sites/gloceps/app/public/wp-content/themes/gloceps-theme/functions.php' for feature 'product_block_editor'.
2026-01-13T17:24:34+00:00 ERROR FeaturesController: Invalid plugin file '/Users/kevintum/Local Sites/gloceps/app/public/wp-content/themes/gloceps-theme/functions.php' for feature 'cart_checkout_blocks'.
2026-01-13T17:24:34+00:00 ERROR FeaturesController: Invalid plugin file '/Users/kevintum/Local Sites/gloceps/app/public/wp-content/themes/gloceps-theme/functions.php' for feature 'custom_order_tables'.
2026-01-13T17:24:34+00:00 ERROR FeaturesController: Invalid plugin file '/Users/kevintum/Local Sites/gloceps/app/public/wp-content/themes/gloceps-theme/functions.php' for feature 'product_block_editor'.
2026-01-13T17:25:42+00:00 ERROR FeaturesController: Invalid plugin file '/Users/kevintum/Local Sites/gloceps/app/public/wp-content/themes/gloceps-theme/functions.php' for feature 'cart_checkout_blocks'.
2026-01-13T17:25:42+00:00 ERROR FeaturesController: Invalid plugin file '/Users/kevintum/Local Sites/gloceps/app/public/wp-content/themes/gloceps-theme/functions.php' for feature 'custom_order_tables'.
2026-01-13T17:25:42+00:00 ERROR FeaturesController: Invalid plugin file '/Users/kevintum/Local Sites/gloceps/app/public/wp-content/themes/gloceps-theme/functions.php' for feature 'product_block_editor'.
2026-01-13T17:25:44+00:00 ERROR FeaturesController: Invalid plugin file '/Users/kevintum/Local Sites/gloceps/app/public/wp-content/themes/gloceps-theme/functions.php' for feature 'cart_checkout_blocks'.
2026-01-13T17:25:44+00:00 ERROR FeaturesController: Invalid plugin file '/Users/kevintum/Local Sites/gloceps/app/public/wp-content/themes/gloceps-theme/functions.php' for feature 'custom_order_tables'.
2026-01-13T17:25:44+00:00 ERROR FeaturesController: Invalid plugin file '/Users/kevintum/Local Sites/gloceps/app/public/wp-content/themes/gloceps-theme/functions.php' for feature 'product_block_editor'.
2026-01-13T17:26:09+00:00 ERROR FeaturesController: Invalid plugin file '/Users/kevintum/Local Sites/gloceps/app/public/wp-content/themes/gloceps-theme/functions.php' for feature 'cart_checkout_blocks'.
2026-01-13T17:26:09+00:00 ERROR FeaturesController: Invalid plugin file '/Users/kevintum/Local Sites/gloceps/app/public/wp-content/themes/gloceps-theme/functions.php' for feature 'custom_order_tables'.
2026-01-13T17:26:09+00:00 ERROR FeaturesController: Invalid plugin file '/Users/kevintum/Local Sites/gloceps/app/public/wp-content/themes/gloceps-theme/functions.php' for feature 'product_block_editor'.
2026-01-13T17:28:22+00:00 ERROR FeaturesController: Invalid plugin file '/Users/kevintum/Local Sites/gloceps/app/public/wp-content/themes/gloceps-theme/functions.php' for feature 'cart_checkout_blocks'.
2026-01-13T17:28:22+00:00 ERROR FeaturesController: Invalid plugin file '/Users/kevintum/Local Sites/gloceps/app/public/wp-content/themes/gloceps-theme/functions.php' for feature 'custom_order_tables'.
2026-01-13T17:28:22+00:00 ERROR FeaturesController: Invalid plugin file '/Users/kevintum/Local Sites/gloceps/app/public/wp-content/themes/gloceps-theme/functions.php' for feature 'product_block_editor'.
2026-01-13T17:31:26+00:00 ERROR FeaturesController: Invalid plugin file '/Users/kevintum/Local Sites/gloceps/app/public/wp-content/themes/gloceps-theme/functions.php' for feature 'cart_checkout_blocks'.
2026-01-13T17:31:26+00:00 ERROR FeaturesController: Invalid plugin file '/Users/kevintum/Local Sites/gloceps/app/public/wp-content/themes/gloceps-theme/functions.php' for feature 'custom_order_tables'.
2026-01-13T17:31:26+00:00 ERROR FeaturesController: Invalid plugin file '/Users/kevintum/Local Sites/gloceps/app/public/wp-content/themes/gloceps-theme/functions.php' for feature 'product_block_editor'.
2026-01-13T17:31:31+00:00 ERROR FeaturesController: Invalid plugin file '/Users/kevintum/Local Sites/gloceps/app/public/wp-content/themes/gloceps-theme/functions.php' for feature 'cart_checkout_blocks'.
2026-01-13T17:31:31+00:00 ERROR FeaturesController: Invalid plugin file '/Users/kevintum/Local Sites/gloceps/app/public/wp-content/themes/gloceps-theme/functions.php' for feature 'custom_order_tables'.
2026-01-13T17:31:31+00:00 ERROR FeaturesController: Invalid plugin file '/Users/kevintum/Local Sites/gloceps/app/public/wp-content/themes/gloceps-theme/functions.php' for feature 'product_block_editor'.
2026-01-13T17:44:24+00:00 ERROR FeaturesController: Invalid plugin file '/Users/kevintum/Local Sites/gloceps/app/public/wp-content/themes/gloceps-theme/functions.php' for feature 'cart_checkout_blocks'.
2026-01-13T17:44:24+00:00 ERROR FeaturesController: Invalid plugin file '/Users/kevintum/Local Sites/gloceps/app/public/wp-content/themes/gloceps-theme/functions.php' for feature 'custom_order_tables'.
2026-01-13T17:44:24+00:00 ERROR FeaturesController: Invalid plugin file '/Users/kevintum/Local Sites/gloceps/app/public/wp-content/themes/gloceps-theme/functions.php' for feature 'product_block_editor'.
2026-01-13T17:44:39+00:00 ERROR FeaturesController: Invalid plugin file '/Users/kevintum/Local Sites/gloceps/app/public/wp-content/themes/gloceps-theme/functions.php' for feature 'cart_checkout_blocks'.
2026-01-13T17:44:39+00:00 ERROR FeaturesController: Invalid plugin file '/Users/kevintum/Local Sites/gloceps/app/public/wp-content/themes/gloceps-theme/functions.php' for feature 'custom_order_tables'.
2026-01-13T17:44:39+00:00 ERROR FeaturesController: Invalid plugin file '/Users/kevintum/Local Sites/gloceps/app/public/wp-content/themes/gloceps-theme/functions.php' for feature 'product_block_editor'.
2026-01-13T17:45:18+00:00 ERROR FeaturesController: Invalid plugin file '/Users/kevintum/Local Sites/gloceps/app/public/wp-content/themes/gloceps-theme/functions.php' for feature 'cart_checkout_blocks'.
2026-01-13T17:45:18+00:00 ERROR FeaturesController: Invalid plugin file '/Users/kevintum/Local Sites/gloceps/app/public/wp-content/themes/gloceps-theme/functions.php' for feature 'custom_order_tables'.
2026-01-13T17:45:18+00:00 ERROR FeaturesController: Invalid plugin file '/Users/kevintum/Local Sites/gloceps/app/public/wp-content/themes/gloceps-theme/functions.php' for feature 'product_block_editor'.
2026-01-13T17:45:30+00:00 ERROR FeaturesController: Invalid plugin file '/Users/kevintum/Local Sites/gloceps/app/public/wp-content/themes/gloceps-theme/functions.php' for feature 'cart_checkout_blocks'.
2026-01-13T17:45:30+00:00 ERROR FeaturesController: Invalid plugin file '/Users/kevintum/Local Sites/gloceps/app/public/wp-content/themes/gloceps-theme/functions.php' for feature 'custom_order_tables'.
2026-01-13T17:45:30+00:00 ERROR FeaturesController: Invalid plugin file '/Users/kevintum/Local Sites/gloceps/app/public/wp-content/themes/gloceps-theme/functions.php' for feature 'product_block_editor'.
2026-01-13T17:46:37+00:00 ERROR FeaturesController: Invalid plugin file '/Users/kevintum/Local Sites/gloceps/app/public/wp-content/themes/gloceps-theme/functions.php' for feature 'cart_checkout_blocks'.
2026-01-13T17:46:37+00:00 ERROR FeaturesController: Invalid plugin file '/Users/kevintum/Local Sites/gloceps/app/public/wp-content/themes/gloceps-theme/functions.php' for feature 'custom_order_tables'.
2026-01-13T17:46:37+00:00 ERROR FeaturesController: Invalid plugin file '/Users/kevintum/Local Sites/gloceps/app/public/wp-content/themes/gloceps-theme/functions.php' for feature 'product_block_editor'.
2026-01-13T17:46:40+00:00 ERROR FeaturesController: Invalid plugin file '/Users/kevintum/Local Sites/gloceps/app/public/wp-content/themes/gloceps-theme/functions.php' for feature 'cart_checkout_blocks'.
2026-01-13T17:46:40+00:00 ERROR FeaturesController: Invalid plugin file '/Users/kevintum/Local Sites/gloceps/app/public/wp-content/themes/gloceps-theme/functions.php' for feature 'custom_order_tables'.
2026-01-13T17:46:40+00:00 ERROR FeaturesController: Invalid plugin file '/Users/kevintum/Local Sites/gloceps/app/public/wp-content/themes/gloceps-theme/functions.php' for feature 'product_block_editor'.
2026-01-13T17:46:43+00:00 ERROR FeaturesController: Invalid plugin file '/Users/kevintum/Local Sites/gloceps/app/public/wp-content/themes/gloceps-theme/functions.php' for feature 'cart_checkout_blocks'.
2026-01-13T17:46:43+00:00 ERROR FeaturesController: Invalid plugin file '/Users/kevintum/Local Sites/gloceps/app/public/wp-content/themes/gloceps-theme/functions.php' for feature 'custom_order_tables'.
2026-01-13T17:46:43+00:00 ERROR FeaturesController: Invalid plugin file '/Users/kevintum/Local Sites/gloceps/app/public/wp-content/themes/gloceps-theme/functions.php' for feature 'product_block_editor'.
2026-01-13T17:46:50+00:00 ERROR FeaturesController: Invalid plugin file '/Users/kevintum/Local Sites/gloceps/app/public/wp-content/themes/gloceps-theme/functions.php' for feature 'cart_checkout_blocks'.
2026-01-13T17:46:50+00:00 ERROR FeaturesController: Invalid plugin file '/Users/kevintum/Local Sites/gloceps/app/public/wp-content/themes/gloceps-theme/functions.php' for feature 'custom_order_tables'.
2026-01-13T17:46:50+00:00 ERROR FeaturesController: Invalid plugin file '/Users/kevintum/Local Sites/gloceps/app/public/wp-content/themes/gloceps-theme/functions.php' for feature 'product_block_editor'.
2026-01-13T17:46:55+00:00 ERROR FeaturesController: Invalid plugin file '/Users/kevintum/Local Sites/gloceps/app/public/wp-content/themes/gloceps-theme/functions.php' for feature 'cart_checkout_blocks'.
2026-01-13T17:46:55+00:00 ERROR FeaturesController: Invalid plugin file '/Users/kevintum/Local Sites/gloceps/app/public/wp-content/themes/gloceps-theme/functions.php' for feature 'custom_order_tables'.
2026-01-13T17:46:55+00:00 ERROR FeaturesController: Invalid plugin file '/Users/kevintum/Local Sites/gloceps/app/public/wp-content/themes/gloceps-theme/functions.php' for feature 'product_block_editor'.
2026-01-13T17:47:03+00:00 ERROR FeaturesController: Invalid plugin file '/Users/kevintum/Local Sites/gloceps/app/public/wp-content/themes/gloceps-theme/functions.php' for feature 'cart_checkout_blocks'.
2026-01-13T17:47:03+00:00 ERROR FeaturesController: Invalid plugin file '/Users/kevintum/Local Sites/gloceps/app/public/wp-content/themes/gloceps-theme/functions.php' for feature 'custom_order_tables'.
2026-01-13T17:47:03+00:00 ERROR FeaturesController: Invalid plugin file '/Users/kevintum/Local Sites/gloceps/app/public/wp-content/themes/gloceps-theme/functions.php' for feature 'product_block_editor'.
