********************************************************************************
DUPLICATOR-LITE PACKAGE-LOG: 14 January 2026 09:59
NOTICE: Do NOT post to public sites or forums 
********************************************************************************
VERSION:	1.5.14
WORDPRESS:	6.9
PHP INFO:	8.2.27 | SAPI: fpm-fcgi
SERVER:		Apache/2.4.43 (Unix) 
PHP TIME LIMIT: (0) no time limit imposed 
PHP MAX MEMORY: 4294967296 (256M default) 
MEMORY STACK: 99MB

********************************************************************************
DATABASE:
********************************************************************************
BUILD MODE:   PHP(query limit - 100)
MYSQLTIMEOUT: 5000
MYSQLDUMP:    Not Supported
TABLES: total:56 | filtered:0 | create:56
FILTERED: []
SQL CREATED: 20260114_theglobalcentreforpolicyan_abe854cdd14843845796_20260114095902_database.sql
SQL FILE SIZE: 3.27MB (3432941)
SQL FILE TIME: 2026-01-14 09:59:06
SQL RUNTIME: 0.19 sec.

********************************************************************************
ARCHIVE (ZIP):
********************************************************************************
ARCHIVE DIR:  /Users/kevintum/Local Sites/gloceps/app/public
ARCHIVE FILE: 20260114_theglobalcentreforpolicyan_abe854cdd14843845796_20260114095902_archive.zip
FILTERS: *OFF*
DIRS:
	not set
FILES:
	not set
EXTS:  not set
----------------------------------------
COMPRESSING
SIZE:	0B
STATS:	Dirs 0 | Files 0
SQL ADDED: 20260114_theglobalcentreforpolicyan_abe854cdd14843845796_20260114095902_database.sql
ZipArchive Object
(
    [lastId] => 0
    [status] => 0
    [statusSys] => 0
    [numFiles] => 1
    [filename] => /Users/kevintum/Local Sites/gloceps/app/public/wp-content/backups-dup-lite/tmp/20260114_theglobalcentreforpolicyan_abe854cdd14843845796_20260114095902_archive.zip
    [comment] => 
)

FILE ADDED TO ZIP: 0
COMPRESSION RESULT: '1'
COMPRESSED SIZE: 329.05KB
ARCHIVE RUNTIME: 0.07 sec.
MEMORY STACK: 99MB
building installer
ARCHIVE CONSISTENCY TEST: PASS

********************************************************************************
INTEGRITY CHECKS:
********************************************************************************
SQL FILE: 3.27MB
INSTALLER FILE: 73.5KB
ARCHIVE FILE: 2.09MB 
EXPECTED FILE/DIRECTORY COUNT: 0
ACTUAL FILE/DIRECTORY COUNT: 0
ARCHIVE CONSISTENCY TEST: Pass

********************************************************************************
RECORD ID:[2]
TOTAL PROCESS RUNTIME: 0.53 sec.
PEAK PHP MEMORY USED: 101.5MB
DONE PROCESSING => 20260114_theglobalcentreforpolicyan 14 January 2026 09:59

